0 info it worked if it ends with ok
1 verbose cli [ 'node', '/usr/bin/npm', 'i', 'pm2', '--save-dev' ]
2 info using npm@1.3.6
3 info using node@v0.10.48
4 error Failed to parse json
4 error Unexpected string
5 error File: /home/ec2-user/test-server/package.json
6 error Failed to parse package.json data.
6 error package.json must be actual JSON, not just JavaScript.
6 error
6 error This is not a bug in npm.
6 error Tell the package author to fix their package.json file. JSON.parse
7 error System Linux 4.9.85-38.58.amzn1.x86_64
8 error command "node" "/usr/bin/npm" "i" "pm2" "--save-dev"
9 error cwd /home/ec2-user/test-server
10 error node -v v0.10.48
11 error npm -v 1.3.6
12 error file /home/ec2-user/test-server/package.json
13 error code EJSONPARSE
14 verbose exit [ 1, true ]
